logger=settings t=2023-05-26T10:58:32.53+0800 lvl=info msg="Starting Grafana" version=8.5.24 commit=1035076 branch=master compiled=2023-05-23T16:57:58+08:00
logger=settings t=2023-05-26T10:58:32.53+0800 lvl=info msg="The state of unified alerting is still not defined. The decision will be made during as we run the database migrations"
logger=settings t=2023-05-26T10:58:32.53+0800 lvl=info msg="Config loaded from" file=conf/defaults.ini
logger=settings t=2023-05-26T10:58:32.53+0800 lvl=info msg="Config loaded from" file=./conf/custom.ini
logger=settings t=2023-05-26T10:58:32.53+0800 lvl=info msg="Path Home" path=./
logger=settings t=2023-05-26T10:58:32.53+0800 lvl=info msg="Path Data" path=data
logger=settings t=2023-05-26T10:58:32.53+0800 lvl=info msg="Path Logs" path=data/log
logger=settings t=2023-05-26T10:58:32.53+0800 lvl=info msg="Path Plugins" path=data/plugins
logger=settings t=2023-05-26T10:58:32.53+0800 lvl=info msg="Path Provisioning" path=conf/provisioning
logger=settings t=2023-05-26T10:58:32.53+0800 lvl=info msg="App mode production"
logger=sqlstore t=2023-05-26T10:58:32.53+0800 lvl=info msg="Connecting to DB" dbtype=sqlite3
logger=migrator t=2023-05-26T10:58:32.55+0800 lvl=info msg="Starting DB migrations"
logger=migrator t=2023-05-26T10:58:32.55+0800 lvl=info msg="migrations completed" performed=0 skipped=392 duration=477.776µs
logger=plugin.loader t=2023-05-26T10:58:32.57+0800 lvl=warn msg="Plugin missing module.js" pluginID=input warning="Missing module.js, If you loaded this plugin from git, make sure to compile it." path=/Users/zhuchen/test/nacos/target/lyp/engram-db/v8.5.24/plugins-bundled/internal/input-datasource/src/module.js
logger=plugin.manager t=2023-05-26T10:58:32.57+0800 lvl=info msg="Plugin registered" pluginId=input
logger=plugin.finder t=2023-05-26T10:58:32.57+0800 lvl=warn msg="Skipping finding plugins as directory does not exist" path=data/plugins
logger=query_data t=2023-05-26T10:58:32.57+0800 lvl=info msg="Query Service initialization"
logger=live.push_http t=2023-05-26T10:58:32.58+0800 lvl=info msg="Live Push Gateway initialization"
logger=server t=2023-05-26T10:58:32.64+0800 lvl=info msg="Writing PID file" path=./pid pid=13383
logger=ngalert t=2023-05-26T10:58:32.64+0800 lvl=info msg="warming cache for startup"
logger=ngalert.multiorg.alertmanager t=2023-05-26T10:58:32.64+0800 lvl=info msg="starting MultiOrg Alertmanager"
logger=http.server t=2023-05-26T10:58:32.64+0800 lvl=info msg="HTTP Server Listen" address=[::]:9098 protocol=http subUrl= socket=
logger=grafanaStorageLogger t=2023-05-26T10:58:32.64+0800 lvl=info msg="storage starting"
logger=context traceID=00000000000000000000000000000000 userId=0 orgId=0 uname= t=2023-05-26T10:58:34.95+0800 lvl=info msg="Request Completed" method=GET path=/ status=302 remote_addr=[::1] time_ms=0 duration=111.734µs size=29 referer= traceID=00000000000000000000000000000000
logger=server t=2023-05-26T16:07:02.24+0800 lvl=info msg="Shutdown started" reason="System signal: terminated"
logger=tracing t=2023-05-26T16:07:02.24+0800 lvl=info msg="Closing tracing"
logger=ngalert t=2023-05-26T16:07:02.24+0800 lvl=eror msg="unable to fetch orgIds" msg="context canceled"
